Arguments: 
  /usr/local/bin/node /usr/local/bin/yarn add @nestjs/common@7.6.17 @nestjs/core@7.6.17 @nestjs/platform-express@7.6.17 reflect-metadata@0.1.13 typescript @4.3.2

PATH: 
  /home/mauricio/.cargo/bin:/home/mauricio/.local/bin:/home/mauricio/bin:/usr/local/sbin:/usr/local/bin:/usr/sbin:/usr/bin:/sbin:/bin:/usr/games:/usr/local/games:/snap/bin:/home/mauricio/.fzf/bin

Yarn version: 
  1.22.10

Node version: 
  15.5.0

Platform: 
  linux x64

Trace: 
  Error: https://registry.yarnpkg.com/@4.3.2: Request "https://registry.yarnpkg.com/@4.3.2" returned a 405
      at Request.params.callback [as _callback] (/usr/local/lib/node_modules/yarn/lib/cli.js:66997:18)
      at Request.self.callback (/usr/local/lib/node_modules/yarn/lib/cli.js:140662:22)
      at Request.emit (node:events:376:20)
      at Request.<anonymous> (/usr/local/lib/node_modules/yarn/lib/cli.js:141634:10)
      at Request.emit (node:events:376:20)
      at IncomingMessage.<anonymous> (/usr/local/lib/node_modules/yarn/lib/cli.js:141556:12)
      at Object.onceWrapper (node:events:482:28)
      at IncomingMessage.emit (node:events:388:22)
      at endReadableNT (node:internal/streams/readable:1305:12)
      at processTicksAndRejections (node:internal/process/task_queues:80:21)

npm manifest: 
  {
    "name": "8hour",
    "version": "1.0.0",
    "description": "",
    "main": "index.js",
    "scripts": {
      "test": "echo \"Error: no test specified\" && exit 1"
    },
    "keywords": [],
    "author": "",
    "license": "ISC"
  }

yarn manifest: 
  No manifest

Lockfile: 
  No lockfile
